==21106== Callgrind, a call-graph generating cache profiler
==21106== Copyright (C) 2002-2012, and GNU GPL'd, by Josef Weidendorfer et al.
==21106== Using Valgrind-3.8.1 and LibVEX; rerun with -h for copyright info
==21106== Command: ./main
==21106== 
--21106-- Valgrind options:
--21106--    --tool=callgrind
--21106--    -v
--21106--    --dump-instr=yes
--21106--    --trace-jump=yes
--21106--    --smc-check=all-non-file
--21106--    --callgrind-out-file=callgrind.out
--21106-- Contents of /proc/version:
--21106--   Linux version 3.5.0-23-generic (buildd@komainu) (gcc version 4.6.3 (Ubuntu/Linaro 4.6.3-1ubuntu5) ) #35~precise1-Ubuntu SMP Fri Jan 25 17:13:26 UTC 2013
--21106-- Arch and hwcaps: AMD64, amd64-sse3-cx16-lzcnt-avx-bmi
--21106-- Page sizes: currently 4096, max supported 4096
--21106-- Valgrind library directory: /usr/lib64/valgrind
==21106== For interactive control, run 'callgrind_control -h'.
--21106-- Reading syms from /auto/sigma0/pseyfert/ghost2015/tmva-mlp/main
--21106-- Reading syms from /lib64/ld-2.12.so
--21106-- Reading syms from /usr/lib64/valgrind/callgrind-amd64-linux
--21106--    object doesn't have a dynamic symbol table
--21106-- Scheduler: using generic scheduler lock implementation.
==21106== embedded gdbserver: reading from /tmp/vgdb-pipe-from-vgdb-to-21106-by-pseyfert-on-d0new
==21106== embedded gdbserver: writing to   /tmp/vgdb-pipe-to-vgdb-from-21106-by-pseyfert-on-d0new
==21106== embedded gdbserver: shared mem   /tmp/vgdb-pipe-shared-mem-vgdb-21106-by-pseyfert-on-d0new
==21106== 
==21106== TO CONTROL THIS PROCESS USING vgdb (which you probably
==21106== don't want to do, unless you know exactly what you're doing,
==21106== or are doing some strange experiment):
==21106==   /usr/lib64/valgrind/../../bin/vgdb --pid=21106 ...command...
==21106== 
==21106== TO DEBUG THIS PROCESS USING GDB: start GDB like this
==21106==   /path/to/gdb ./main
==21106== and then give GDB the following command
==21106==   target remote | /usr/lib64/valgrind/../../bin/vgdb --pid=21106
==21106== --pid is optional if only one valgrind process is running
==21106== 
--21106-- Reading syms from /usr/lib64/valgrind/vgpreload_core-amd64-linux.so
--21106-- Reading syms from /auto/sigma0/pseyfert/ROOT/ROOT6/lib/libCore.so
--21106-- Reading syms from /auto/sigma0/pseyfert/ROOT/ROOT6/lib/libRIO.so
--21106-- Reading syms from /auto/sigma0/pseyfert/ROOT/ROOT6/lib/libNet.so
--21106-- Reading syms from /auto/sigma0/pseyfert/ROOT/ROOT6/lib/libHist.so
--21106-- Reading syms from /auto/sigma0/pseyfert/ROOT/ROOT6/lib/libGraf.so
--21106-- Reading syms from /auto/sigma0/pseyfert/ROOT/ROOT6/lib/libGraf3d.so
--21106-- Reading syms from /auto/sigma0/pseyfert/ROOT/ROOT6/lib/libGpad.so
--21106-- Reading syms from /auto/sigma0/pseyfert/ROOT/ROOT6/lib/libTree.so
--21106-- Reading syms from /auto/sigma0/pseyfert/ROOT/ROOT6/lib/libRint.so
--21106-- Reading syms from /auto/sigma0/pseyfert/ROOT/ROOT6/lib/libPostscript.so
--21106-- Reading syms from /auto/sigma0/pseyfert/ROOT/ROOT6/lib/libMatrix.so
--21106-- Reading syms from /auto/sigma0/pseyfert/ROOT/ROOT6/lib/libPhysics.so
--21106-- Reading syms from /auto/sigma0/pseyfert/ROOT/ROOT6/lib/libMathCore.so
--21106-- Reading syms from /auto/sigma0/pseyfert/ROOT/ROOT6/lib/libThread.so
--21106-- Reading syms from /lib64/libdl-2.12.so
--21106-- Reading syms from /auto/lhcb/lib/lcg/releases/gcc/4.8.1/x86_64-slc6/lib64/libstdc++.so.6.0.18
--21106--    object doesn't have a symbol table
--21106-- Reading syms from /lib64/libm-2.12.so
--21106-- Reading syms from /auto/lhcb/lib/lcg/releases/gcc/4.8.1/x86_64-slc6/lib64/libgcc_s.so.1
--21106--    object doesn't have a symbol table
--21106-- Reading syms from /lib64/libpthread-2.12.so
--21106-- Reading syms from /lib64/libc-2.12.so
--21106-- Reading syms from /lib64/libz.so.1.2.3
--21106--    object doesn't have a symbol table
--21106-- Reading syms from /usr/lib64/libcrypto.so.1.0.1e
--21106--    object doesn't have a symbol table
--21106-- Reading syms from /usr/lib64/libssl.so.1.0.1e
--21106--    object doesn't have a symbol table
--21106-- Reading syms from /lib64/libgssapi_krb5.so.2.2
--21106--    object doesn't have a symbol table
--21106-- Reading syms from /lib64/libkrb5.so.3.3
--21106--    object doesn't have a symbol table
--21106-- Reading syms from /lib64/libcom_err.so.2.1
--21106--    object doesn't have a symbol table
--21106-- Reading syms from /lib64/libk5crypto.so.3.1
--21106--    object doesn't have a symbol table
--21106-- Reading syms from /lib64/libkrb5support.so.0.1
--21106--    object doesn't have a symbol table
--21106-- Reading syms from /lib64/libkeyutils.so.1.3
--21106--    object doesn't have a symbol table
--21106-- Reading syms from /lib64/libresolv-2.12.so
--21106-- Reading syms from /lib64/libselinux.so.1
--21106--    object doesn't have a symbol table
--21106-- Symbol match: found runtime_resolve: ld-2.12.so +0x14830=0x4014830
--21106-- REDIR: 0xffffffffff600000 (???) redirected to 0x38031b13 (vgPlain_amd64_linux_REDIR_FOR_vgettimeofday)
--21106-- Reading syms from /lib64/libnss_files-2.12.so
--21106-- Reading syms from /lib64/libnss_nis-2.12.so
--21106-- Reading syms from /lib64/libnsl-2.12.so
--21106-- Reading syms from /lib64/libnss_dns-2.12.so
--21106-- Reading syms from /auto/sigma0/pseyfert/ROOT/ROOT6/lib/libCling.so
--21106-- Reading syms from /lib64/libtinfo.so.5.7
--21106--    object doesn't have a symbol table
--21106-- REDIR: 0xffffffffff600400 (???) redirected to 0x38031b1d (vgPlain_amd64_linux_REDIR_FOR_vtime)
==21106== 
--21106-- Start dumping at BB 1087992656 (Prg.Term.)...
--21106-- Dump to /auto/sigma0/pseyfert/ghost2015/tmva-mlp/callgrind.out
--21106-- Dumping done.
==21106== Events    : Ir
==21106== Collected : 5620081291
==21106== 
==21106== I   refs:      5,620,081,291
