==27566== Callgrind, a call-graph generating cache profiler
==27566== Copyright (C) 2002-2012, and GNU GPL'd, by Josef Weidendorfer et al.
==27566== Using Valgrind-3.8.1 and LibVEX; rerun with -h for copyright info
==27566== Command: ./main
==27566== 
--27566-- Valgrind options:
--27566--    --tool=callgrind
--27566--    -v
--27566--    --dump-instr=yes
--27566--    --trace-jump=yes
--27566--    --smc-check=all-non-file
--27566--    --callgrind-out-file=callgrind.out
--27566-- Contents of /proc/version:
--27566--   Linux version 3.5.0-23-generic (buildd@komainu) (gcc version 4.6.3 (Ubuntu/Linaro 4.6.3-1ubuntu5) ) #35~precise1-Ubuntu SMP Fri Jan 25 17:13:26 UTC 2013
--27566-- Arch and hwcaps: AMD64, amd64-sse3-cx16-lzcnt-avx-bmi
--27566-- Page sizes: currently 4096, max supported 4096
--27566-- Valgrind library directory: /usr/lib64/valgrind
==27566== For interactive control, run 'callgrind_control -h'.
--27566-- Reading syms from /auto/sigma0/pseyfert/ghost2015/tmva-mlp/main
--27566-- Reading syms from /lib64/ld-2.12.so
--27566-- Reading syms from /usr/lib64/valgrind/callgrind-amd64-linux
--27566--    object doesn't have a dynamic symbol table
--27566-- Scheduler: using generic scheduler lock implementation.
==27566== embedded gdbserver: reading from /tmp/vgdb-pipe-from-vgdb-to-27566-by-pseyfert-on-d0new
==27566== embedded gdbserver: writing to   /tmp/vgdb-pipe-to-vgdb-from-27566-by-pseyfert-on-d0new
==27566== embedded gdbserver: shared mem   /tmp/vgdb-pipe-shared-mem-vgdb-27566-by-pseyfert-on-d0new
==27566== 
==27566== TO CONTROL THIS PROCESS USING vgdb (which you probably
==27566== don't want to do, unless you know exactly what you're doing,
==27566== or are doing some strange experiment):
==27566==   /usr/lib64/valgrind/../../bin/vgdb --pid=27566 ...command...
==27566== 
==27566== TO DEBUG THIS PROCESS USING GDB: start GDB like this
==27566==   /path/to/gdb ./main
==27566== and then give GDB the following command
==27566==   target remote | /usr/lib64/valgrind/../../bin/vgdb --pid=27566
==27566== --pid is optional if only one valgrind process is running
==27566== 
--27566-- Reading syms from /usr/lib64/valgrind/vgpreload_core-amd64-linux.so
--27566-- Reading syms from /auto/sigma0/pseyfert/ROOT/ROOT6/lib/libCore.so
--27566-- Reading syms from /auto/sigma0/pseyfert/ROOT/ROOT6/lib/libRIO.so
--27566-- Reading syms from /auto/sigma0/pseyfert/ROOT/ROOT6/lib/libNet.so
--27566-- Reading syms from /auto/sigma0/pseyfert/ROOT/ROOT6/lib/libHist.so
--27566-- Reading syms from /auto/sigma0/pseyfert/ROOT/ROOT6/lib/libGraf.so
--27566-- Reading syms from /auto/sigma0/pseyfert/ROOT/ROOT6/lib/libGraf3d.so
--27566-- Reading syms from /auto/sigma0/pseyfert/ROOT/ROOT6/lib/libGpad.so
--27566-- Reading syms from /auto/sigma0/pseyfert/ROOT/ROOT6/lib/libTree.so
--27566-- Reading syms from /auto/sigma0/pseyfert/ROOT/ROOT6/lib/libRint.so
--27566-- Reading syms from /auto/sigma0/pseyfert/ROOT/ROOT6/lib/libPostscript.so
--27566-- Reading syms from /auto/sigma0/pseyfert/ROOT/ROOT6/lib/libMatrix.so
--27566-- Reading syms from /auto/sigma0/pseyfert/ROOT/ROOT6/lib/libPhysics.so
--27566-- Reading syms from /auto/sigma0/pseyfert/ROOT/ROOT6/lib/libMathCore.so
--27566-- Reading syms from /auto/sigma0/pseyfert/ROOT/ROOT6/lib/libThread.so
--27566-- Reading syms from /lib64/libdl-2.12.so
--27566-- Reading syms from /auto/lhcb/lib/lcg/releases/gcc/4.8.1/x86_64-slc6/lib64/libstdc++.so.6.0.18
--27566--    object doesn't have a symbol table
--27566-- Reading syms from /lib64/libm-2.12.so
--27566-- Reading syms from /auto/lhcb/lib/lcg/releases/gcc/4.8.1/x86_64-slc6/lib64/libgcc_s.so.1
--27566--    object doesn't have a symbol table
--27566-- Reading syms from /lib64/libpthread-2.12.so
--27566-- Reading syms from /lib64/libc-2.12.so
--27566-- Reading syms from /lib64/libz.so.1.2.3
--27566--    object doesn't have a symbol table
--27566-- Reading syms from /usr/lib64/libcrypto.so.1.0.1e
--27566--    object doesn't have a symbol table
--27566-- Reading syms from /usr/lib64/libssl.so.1.0.1e
--27566--    object doesn't have a symbol table
--27566-- Reading syms from /lib64/libgssapi_krb5.so.2.2
--27566--    object doesn't have a symbol table
--27566-- Reading syms from /lib64/libkrb5.so.3.3
--27566--    object doesn't have a symbol table
--27566-- Reading syms from /lib64/libcom_err.so.2.1
--27566--    object doesn't have a symbol table
--27566-- Reading syms from /lib64/libk5crypto.so.3.1
--27566--    object doesn't have a symbol table
--27566-- Reading syms from /lib64/libkrb5support.so.0.1
--27566--    object doesn't have a symbol table
--27566-- Reading syms from /lib64/libkeyutils.so.1.3
--27566--    object doesn't have a symbol table
--27566-- Reading syms from /lib64/libresolv-2.12.so
--27566-- Reading syms from /lib64/libselinux.so.1
--27566--    object doesn't have a symbol table
--27566-- Symbol match: found runtime_resolve: ld-2.12.so +0x14830=0x4014830
--27566-- REDIR: 0xffffffffff600000 (???) redirected to 0x38031b13 (vgPlain_amd64_linux_REDIR_FOR_vgettimeofday)
--27566-- Reading syms from /lib64/libnss_files-2.12.so
--27566-- Reading syms from /lib64/libnss_nis-2.12.so
--27566-- Reading syms from /lib64/libnsl-2.12.so
--27566-- Reading syms from /lib64/libnss_dns-2.12.so
--27566-- Reading syms from /auto/sigma0/pseyfert/ROOT/ROOT6/lib/libCling.so
--27566-- Reading syms from /lib64/libtinfo.so.5.7
--27566--    object doesn't have a symbol table
--27566-- REDIR: 0xffffffffff600400 (???) redirected to 0x38031b1d (vgPlain_amd64_linux_REDIR_FOR_vtime)
==27566== 
--27566-- Start dumping at BB 1056312808 (Prg.Term.)...
--27566-- Dump to /auto/sigma0/pseyfert/ghost2015/tmva-mlp/callgrind.out
--27566-- Dumping done.
==27566== Events    : Ir
==27566== Collected : 5937953715
==27566== 
==27566== I   refs:      5,937,953,715
