==10332== Callgrind, a call-graph generating cache profiler
==10332== Copyright (C) 2002-2012, and GNU GPL'd, by Josef Weidendorfer et al.
==10332== Using Valgrind-3.8.1 and LibVEX; rerun with -h for copyright info
==10332== Command: ./main
==10332== 
--10332-- Valgrind options:
--10332--    --tool=callgrind
--10332--    -v
--10332--    --dump-instr=yes
--10332--    --trace-jump=yes
--10332--    --smc-check=all-non-file
--10332--    --callgrind-out-file=callgrind.out
--10332-- Contents of /proc/version:
--10332--   Linux version 3.5.0-23-generic (buildd@komainu) (gcc version 4.6.3 (Ubuntu/Linaro 4.6.3-1ubuntu5) ) #35~precise1-Ubuntu SMP Fri Jan 25 17:13:26 UTC 2013
--10332-- Arch and hwcaps: AMD64, amd64-sse3-cx16-lzcnt-avx-bmi
--10332-- Page sizes: currently 4096, max supported 4096
--10332-- Valgrind library directory: /usr/lib64/valgrind
==10332== For interactive control, run 'callgrind_control -h'.
--10332-- Reading syms from /auto/sigma0/pseyfert/ghost2015/tmva-mlp/main
--10332-- Reading syms from /lib64/ld-2.12.so
--10332-- Reading syms from /usr/lib64/valgrind/callgrind-amd64-linux
--10332--    object doesn't have a dynamic symbol table
--10332-- Scheduler: using generic scheduler lock implementation.
==10332== embedded gdbserver: reading from /tmp/vgdb-pipe-from-vgdb-to-10332-by-pseyfert-on-d0new
==10332== embedded gdbserver: writing to   /tmp/vgdb-pipe-to-vgdb-from-10332-by-pseyfert-on-d0new
==10332== embedded gdbserver: shared mem   /tmp/vgdb-pipe-shared-mem-vgdb-10332-by-pseyfert-on-d0new
==10332== 
==10332== TO CONTROL THIS PROCESS USING vgdb (which you probably
==10332== don't want to do, unless you know exactly what you're doing,
==10332== or are doing some strange experiment):
==10332==   /usr/lib64/valgrind/../../bin/vgdb --pid=10332 ...command...
==10332== 
==10332== TO DEBUG THIS PROCESS USING GDB: start GDB like this
==10332==   /path/to/gdb ./main
==10332== and then give GDB the following command
==10332==   target remote | /usr/lib64/valgrind/../../bin/vgdb --pid=10332
==10332== --pid is optional if only one valgrind process is running
==10332== 
--10332-- Reading syms from /usr/lib64/valgrind/vgpreload_core-amd64-linux.so
--10332-- Reading syms from /auto/sigma0/pseyfert/ROOT/ROOT6/lib/libCore.so
--10332-- Reading syms from /auto/sigma0/pseyfert/ROOT/ROOT6/lib/libRIO.so
--10332-- Reading syms from /auto/sigma0/pseyfert/ROOT/ROOT6/lib/libNet.so
--10332-- Reading syms from /auto/sigma0/pseyfert/ROOT/ROOT6/lib/libHist.so
--10332-- Reading syms from /auto/sigma0/pseyfert/ROOT/ROOT6/lib/libGraf.so
--10332-- Reading syms from /auto/sigma0/pseyfert/ROOT/ROOT6/lib/libGraf3d.so
--10332-- Reading syms from /auto/sigma0/pseyfert/ROOT/ROOT6/lib/libGpad.so
--10332-- Reading syms from /auto/sigma0/pseyfert/ROOT/ROOT6/lib/libTree.so
--10332-- Reading syms from /auto/sigma0/pseyfert/ROOT/ROOT6/lib/libRint.so
--10332-- Reading syms from /auto/sigma0/pseyfert/ROOT/ROOT6/lib/libPostscript.so
--10332-- Reading syms from /auto/sigma0/pseyfert/ROOT/ROOT6/lib/libMatrix.so
--10332-- Reading syms from /auto/sigma0/pseyfert/ROOT/ROOT6/lib/libPhysics.so
--10332-- Reading syms from /auto/sigma0/pseyfert/ROOT/ROOT6/lib/libMathCore.so
--10332-- Reading syms from /auto/sigma0/pseyfert/ROOT/ROOT6/lib/libThread.so
--10332-- Reading syms from /lib64/libdl-2.12.so
--10332-- Reading syms from /auto/lhcb/lib/lcg/releases/gcc/4.8.1/x86_64-slc6/lib64/libstdc++.so.6.0.18
--10332--    object doesn't have a symbol table
--10332-- Reading syms from /lib64/libm-2.12.so
--10332-- Reading syms from /auto/lhcb/lib/lcg/releases/gcc/4.8.1/x86_64-slc6/lib64/libgcc_s.so.1
--10332--    object doesn't have a symbol table
--10332-- Reading syms from /lib64/libpthread-2.12.so
--10332-- Reading syms from /lib64/libc-2.12.so
--10332-- Reading syms from /lib64/libz.so.1.2.3
--10332--    object doesn't have a symbol table
--10332-- Reading syms from /usr/lib64/libcrypto.so.1.0.1e
--10332--    object doesn't have a symbol table
--10332-- Reading syms from /usr/lib64/libssl.so.1.0.1e
--10332--    object doesn't have a symbol table
--10332-- Reading syms from /lib64/libgssapi_krb5.so.2.2
--10332--    object doesn't have a symbol table
--10332-- Reading syms from /lib64/libkrb5.so.3.3
--10332--    object doesn't have a symbol table
--10332-- Reading syms from /lib64/libcom_err.so.2.1
--10332--    object doesn't have a symbol table
--10332-- Reading syms from /lib64/libk5crypto.so.3.1
--10332--    object doesn't have a symbol table
--10332-- Reading syms from /lib64/libkrb5support.so.0.1
--10332--    object doesn't have a symbol table
--10332-- Reading syms from /lib64/libkeyutils.so.1.3
--10332--    object doesn't have a symbol table
--10332-- Reading syms from /lib64/libresolv-2.12.so
--10332-- Reading syms from /lib64/libselinux.so.1
--10332--    object doesn't have a symbol table
--10332-- Symbol match: found runtime_resolve: ld-2.12.so +0x14830=0x4014830
--10332-- REDIR: 0xffffffffff600000 (???) redirected to 0x38031b13 (vgPlain_amd64_linux_REDIR_FOR_vgettimeofday)
--10332-- Reading syms from /lib64/libnss_files-2.12.so
--10332-- Reading syms from /lib64/libnss_nis-2.12.so
--10332-- Reading syms from /lib64/libnsl-2.12.so
--10332-- Reading syms from /lib64/libnss_dns-2.12.so
--10332-- Reading syms from /auto/sigma0/pseyfert/ROOT/ROOT6/lib/libCling.so
--10332-- Reading syms from /lib64/libtinfo.so.5.7
--10332--    object doesn't have a symbol table
--10332-- REDIR: 0xffffffffff600400 (???) redirected to 0x38031b1d (vgPlain_amd64_linux_REDIR_FOR_vtime)
==10332== 
--10332-- Start dumping at BB 622490970 (Prg.Term.)...
--10332-- Dump to /auto/sigma0/pseyfert/ghost2015/tmva-mlp/callgrind.out
--10332-- Dumping done.
==10332== Events    : Ir
==10332== Collected : 3566280304
==10332== 
==10332== I   refs:      3,566,280,304
