==20974== Callgrind, a call-graph generating cache profiler
==20974== Copyright (C) 2002-2012, and GNU GPL'd, by Josef Weidendorfer et al.
==20974== Using Valgrind-3.8.1 and LibVEX; rerun with -h for copyright info
==20974== Command: ./main
==20974== 
--20974-- Valgrind options:
--20974--    --tool=callgrind
--20974--    -v
--20974--    --dump-instr=yes
--20974--    --trace-jump=yes
--20974--    --smc-check=all-non-file
--20974--    --callgrind-out-file=callgrind.out
--20974-- Contents of /proc/version:
--20974--   Linux version 3.5.0-23-generic (buildd@komainu) (gcc version 4.6.3 (Ubuntu/Linaro 4.6.3-1ubuntu5) ) #35~precise1-Ubuntu SMP Fri Jan 25 17:13:26 UTC 2013
--20974-- Arch and hwcaps: AMD64, amd64-sse3-cx16-lzcnt-avx-bmi
--20974-- Page sizes: currently 4096, max supported 4096
--20974-- Valgrind library directory: /usr/lib64/valgrind
==20974== For interactive control, run 'callgrind_control -h'.
--20974-- Reading syms from /auto/sigma0/pseyfert/ghost2015/tmva-mlp/main
--20974-- Reading syms from /lib64/ld-2.12.so
--20974-- Reading syms from /usr/lib64/valgrind/callgrind-amd64-linux
--20974--    object doesn't have a dynamic symbol table
--20974-- Scheduler: using generic scheduler lock implementation.
==20974== embedded gdbserver: reading from /tmp/vgdb-pipe-from-vgdb-to-20974-by-pseyfert-on-d0new
==20974== embedded gdbserver: writing to   /tmp/vgdb-pipe-to-vgdb-from-20974-by-pseyfert-on-d0new
==20974== embedded gdbserver: shared mem   /tmp/vgdb-pipe-shared-mem-vgdb-20974-by-pseyfert-on-d0new
==20974== 
==20974== TO CONTROL THIS PROCESS USING vgdb (which you probably
==20974== don't want to do, unless you know exactly what you're doing,
==20974== or are doing some strange experiment):
==20974==   /usr/lib64/valgrind/../../bin/vgdb --pid=20974 ...command...
==20974== 
==20974== TO DEBUG THIS PROCESS USING GDB: start GDB like this
==20974==   /path/to/gdb ./main
==20974== and then give GDB the following command
==20974==   target remote | /usr/lib64/valgrind/../../bin/vgdb --pid=20974
==20974== --pid is optional if only one valgrind process is running
==20974== 
--20974-- Reading syms from /usr/lib64/valgrind/vgpreload_core-amd64-linux.so
--20974-- Reading syms from /auto/sigma0/pseyfert/ROOT/ROOT6/lib/libCore.so
--20974-- Reading syms from /auto/sigma0/pseyfert/ROOT/ROOT6/lib/libRIO.so
--20974-- Reading syms from /auto/sigma0/pseyfert/ROOT/ROOT6/lib/libNet.so
--20974-- Reading syms from /auto/sigma0/pseyfert/ROOT/ROOT6/lib/libHist.so
--20974-- Reading syms from /auto/sigma0/pseyfert/ROOT/ROOT6/lib/libGraf.so
--20974-- Reading syms from /auto/sigma0/pseyfert/ROOT/ROOT6/lib/libGraf3d.so
--20974-- Reading syms from /auto/sigma0/pseyfert/ROOT/ROOT6/lib/libGpad.so
--20974-- Reading syms from /auto/sigma0/pseyfert/ROOT/ROOT6/lib/libTree.so
--20974-- Reading syms from /auto/sigma0/pseyfert/ROOT/ROOT6/lib/libRint.so
--20974-- Reading syms from /auto/sigma0/pseyfert/ROOT/ROOT6/lib/libPostscript.so
--20974-- Reading syms from /auto/sigma0/pseyfert/ROOT/ROOT6/lib/libMatrix.so
--20974-- Reading syms from /auto/sigma0/pseyfert/ROOT/ROOT6/lib/libPhysics.so
--20974-- Reading syms from /auto/sigma0/pseyfert/ROOT/ROOT6/lib/libMathCore.so
--20974-- Reading syms from /auto/sigma0/pseyfert/ROOT/ROOT6/lib/libThread.so
--20974-- Reading syms from /lib64/libdl-2.12.so
--20974-- Reading syms from /auto/lhcb/lib/lcg/releases/gcc/4.8.1/x86_64-slc6/lib64/libstdc++.so.6.0.18
--20974--    object doesn't have a symbol table
--20974-- Reading syms from /lib64/libm-2.12.so
--20974-- Reading syms from /auto/lhcb/lib/lcg/releases/gcc/4.8.1/x86_64-slc6/lib64/libgcc_s.so.1
--20974--    object doesn't have a symbol table
--20974-- Reading syms from /lib64/libpthread-2.12.so
--20974-- Reading syms from /lib64/libc-2.12.so
--20974-- Reading syms from /lib64/libz.so.1.2.3
--20974--    object doesn't have a symbol table
--20974-- Reading syms from /usr/lib64/libcrypto.so.1.0.1e
--20974--    object doesn't have a symbol table
--20974-- Reading syms from /usr/lib64/libssl.so.1.0.1e
--20974--    object doesn't have a symbol table
--20974-- Reading syms from /lib64/libgssapi_krb5.so.2.2
--20974--    object doesn't have a symbol table
--20974-- Reading syms from /lib64/libkrb5.so.3.3
--20974--    object doesn't have a symbol table
--20974-- Reading syms from /lib64/libcom_err.so.2.1
--20974--    object doesn't have a symbol table
--20974-- Reading syms from /lib64/libk5crypto.so.3.1
--20974--    object doesn't have a symbol table
--20974-- Reading syms from /lib64/libkrb5support.so.0.1
--20974--    object doesn't have a symbol table
--20974-- Reading syms from /lib64/libkeyutils.so.1.3
--20974--    object doesn't have a symbol table
--20974-- Reading syms from /lib64/libresolv-2.12.so
--20974-- Reading syms from /lib64/libselinux.so.1
--20974--    object doesn't have a symbol table
--20974-- Symbol match: found runtime_resolve: ld-2.12.so +0x14830=0x4014830
--20974-- REDIR: 0xffffffffff600000 (???) redirected to 0x38031b13 (vgPlain_amd64_linux_REDIR_FOR_vgettimeofday)
--20974-- Reading syms from /lib64/libnss_files-2.12.so
--20974-- Reading syms from /lib64/libnss_nis-2.12.so
--20974-- Reading syms from /lib64/libnsl-2.12.so
--20974-- Reading syms from /lib64/libnss_dns-2.12.so
--20974-- Reading syms from /auto/sigma0/pseyfert/ROOT/ROOT6/lib/libCling.so
--20974-- Reading syms from /lib64/libtinfo.so.5.7
--20974--    object doesn't have a symbol table
--20974-- REDIR: 0xffffffffff600400 (???) redirected to 0x38031b1d (vgPlain_amd64_linux_REDIR_FOR_vtime)
==20974== 
--20974-- Start dumping at BB 1032727849 (Prg.Term.)...
--20974-- Dump to /auto/sigma0/pseyfert/ghost2015/tmva-mlp/callgrind.out
--20974-- Dumping done.
==20974== Events    : Ir
==20974== Collected : 5755611747
==20974== 
==20974== I   refs:      5,755,611,747
