==7847== Callgrind, a call-graph generating cache profiler
==7847== Copyright (C) 2002-2012, and GNU GPL'd, by Josef Weidendorfer et al.
==7847== Using Valgrind-3.8.1 and LibVEX; rerun with -h for copyright info
==7847== Command: ./main
==7847== 
--7847-- Valgrind options:
--7847--    --tool=callgrind
--7847--    -v
--7847--    --dump-instr=yes
--7847--    --trace-jump=yes
--7847--    --smc-check=all-non-file
--7847--    --callgrind-out-file=callgrind.out
--7847-- Contents of /proc/version:
--7847--   Linux version 3.5.0-23-generic (buildd@komainu) (gcc version 4.6.3 (Ubuntu/Linaro 4.6.3-1ubuntu5) ) #35~precise1-Ubuntu SMP Fri Jan 25 17:13:26 UTC 2013
--7847-- Arch and hwcaps: AMD64, amd64-sse3-cx16-lzcnt-avx-bmi
--7847-- Page sizes: currently 4096, max supported 4096
--7847-- Valgrind library directory: /usr/lib64/valgrind
==7847== For interactive control, run 'callgrind_control -h'.
--7847-- Reading syms from /auto/sigma0/pseyfert/ghost2015/tmva-mlp/main
--7847-- Reading syms from /lib64/ld-2.12.so
--7847-- Reading syms from /usr/lib64/valgrind/callgrind-amd64-linux
--7847--    object doesn't have a dynamic symbol table
--7847-- Scheduler: using generic scheduler lock implementation.
==7847== embedded gdbserver: reading from /tmp/vgdb-pipe-from-vgdb-to-7847-by-pseyfert-on-d0new
==7847== embedded gdbserver: writing to   /tmp/vgdb-pipe-to-vgdb-from-7847-by-pseyfert-on-d0new
==7847== embedded gdbserver: shared mem   /tmp/vgdb-pipe-shared-mem-vgdb-7847-by-pseyfert-on-d0new
==7847== 
==7847== TO CONTROL THIS PROCESS USING vgdb (which you probably
==7847== don't want to do, unless you know exactly what you're doing,
==7847== or are doing some strange experiment):
==7847==   /usr/lib64/valgrind/../../bin/vgdb --pid=7847 ...command...
==7847== 
==7847== TO DEBUG THIS PROCESS USING GDB: start GDB like this
==7847==   /path/to/gdb ./main
==7847== and then give GDB the following command
==7847==   target remote | /usr/lib64/valgrind/../../bin/vgdb --pid=7847
==7847== --pid is optional if only one valgrind process is running
==7847== 
--7847-- Reading syms from /usr/lib64/valgrind/vgpreload_core-amd64-linux.so
--7847-- Reading syms from /auto/sigma0/pseyfert/ROOT/ROOT6/lib/libCore.so
--7847-- Reading syms from /auto/sigma0/pseyfert/ROOT/ROOT6/lib/libRIO.so
--7847-- Reading syms from /auto/sigma0/pseyfert/ROOT/ROOT6/lib/libNet.so
--7847-- Reading syms from /auto/sigma0/pseyfert/ROOT/ROOT6/lib/libHist.so
--7847-- Reading syms from /auto/sigma0/pseyfert/ROOT/ROOT6/lib/libGraf.so
--7847-- Reading syms from /auto/sigma0/pseyfert/ROOT/ROOT6/lib/libGraf3d.so
--7847-- Reading syms from /auto/sigma0/pseyfert/ROOT/ROOT6/lib/libGpad.so
--7847-- Reading syms from /auto/sigma0/pseyfert/ROOT/ROOT6/lib/libTree.so
--7847-- Reading syms from /auto/sigma0/pseyfert/ROOT/ROOT6/lib/libRint.so
--7847-- Reading syms from /auto/sigma0/pseyfert/ROOT/ROOT6/lib/libPostscript.so
--7847-- Reading syms from /auto/sigma0/pseyfert/ROOT/ROOT6/lib/libMatrix.so
--7847-- Reading syms from /auto/sigma0/pseyfert/ROOT/ROOT6/lib/libPhysics.so
--7847-- Reading syms from /auto/sigma0/pseyfert/ROOT/ROOT6/lib/libMathCore.so
--7847-- Reading syms from /auto/sigma0/pseyfert/ROOT/ROOT6/lib/libThread.so
--7847-- Reading syms from /lib64/libdl-2.12.so
--7847-- Reading syms from /auto/lhcb/lib/lcg/releases/gcc/4.8.1/x86_64-slc6/lib64/libstdc++.so.6.0.18
--7847--    object doesn't have a symbol table
--7847-- Reading syms from /lib64/libm-2.12.so
--7847-- Reading syms from /auto/lhcb/lib/lcg/releases/gcc/4.8.1/x86_64-slc6/lib64/libgcc_s.so.1
--7847--    object doesn't have a symbol table
--7847-- Reading syms from /lib64/libpthread-2.12.so
--7847-- Reading syms from /lib64/libc-2.12.so
--7847-- Reading syms from /lib64/libz.so.1.2.3
--7847--    object doesn't have a symbol table
--7847-- Reading syms from /usr/lib64/libcrypto.so.1.0.1e
--7847--    object doesn't have a symbol table
--7847-- Reading syms from /usr/lib64/libssl.so.1.0.1e
--7847--    object doesn't have a symbol table
--7847-- Reading syms from /lib64/libgssapi_krb5.so.2.2
--7847--    object doesn't have a symbol table
--7847-- Reading syms from /lib64/libkrb5.so.3.3
--7847--    object doesn't have a symbol table
--7847-- Reading syms from /lib64/libcom_err.so.2.1
--7847--    object doesn't have a symbol table
--7847-- Reading syms from /lib64/libk5crypto.so.3.1
--7847--    object doesn't have a symbol table
--7847-- Reading syms from /lib64/libkrb5support.so.0.1
--7847--    object doesn't have a symbol table
--7847-- Reading syms from /lib64/libkeyutils.so.1.3
--7847--    object doesn't have a symbol table
--7847-- Reading syms from /lib64/libresolv-2.12.so
--7847-- Reading syms from /lib64/libselinux.so.1
--7847--    object doesn't have a symbol table
--7847-- Symbol match: found runtime_resolve: ld-2.12.so +0x14830=0x4014830
--7847-- REDIR: 0xffffffffff600000 (???) redirected to 0x38031b13 (vgPlain_amd64_linux_REDIR_FOR_vgettimeofday)
--7847-- Reading syms from /lib64/libnss_files-2.12.so
--7847-- Reading syms from /lib64/libnss_nis-2.12.so
--7847-- Reading syms from /lib64/libnsl-2.12.so
--7847-- Reading syms from /lib64/libnss_dns-2.12.so
--7847-- Reading syms from /auto/sigma0/pseyfert/ROOT/ROOT6/lib/libCling.so
--7847-- Reading syms from /lib64/libtinfo.so.5.7
--7847--    object doesn't have a symbol table
--7847-- REDIR: 0xffffffffff600400 (???) redirected to 0x38031b1d (vgPlain_amd64_linux_REDIR_FOR_vtime)
==7847== 
--7847-- Start dumping at BB 1092298642 (Prg.Term.)...
--7847-- Dump to /auto/sigma0/pseyfert/ghost2015/tmva-mlp/callgrind.out
--7847-- Dumping done.
==7847== Events    : Ir
==7847== Collected : 6056934931
==7847== 
==7847== I   refs:      6,056,934,931
