==10776== Callgrind, a call-graph generating cache profiler
==10776== Copyright (C) 2002-2012, and GNU GPL'd, by Josef Weidendorfer et al.
==10776== Using Valgrind-3.8.1 and LibVEX; rerun with -h for copyright info
==10776== Command: ./main
==10776== 
--10776-- Valgrind options:
--10776--    --tool=callgrind
--10776--    -v
--10776--    --dump-instr=yes
--10776--    --trace-jump=yes
--10776--    --smc-check=all-non-file
--10776--    --callgrind-out-file=callgrind.out
--10776-- Contents of /proc/version:
--10776--   Linux version 3.5.0-23-generic (buildd@komainu) (gcc version 4.6.3 (Ubuntu/Linaro 4.6.3-1ubuntu5) ) #35~precise1-Ubuntu SMP Fri Jan 25 17:13:26 UTC 2013
--10776-- Arch and hwcaps: AMD64, amd64-sse3-cx16-lzcnt-avx-bmi
--10776-- Page sizes: currently 4096, max supported 4096
--10776-- Valgrind library directory: /usr/lib64/valgrind
==10776== For interactive control, run 'callgrind_control -h'.
--10776-- Reading syms from /auto/sigma0/pseyfert/ghost2015/tmva-mlp/main
--10776-- Reading syms from /lib64/ld-2.12.so
--10776-- Reading syms from /usr/lib64/valgrind/callgrind-amd64-linux
--10776--    object doesn't have a dynamic symbol table
--10776-- Scheduler: using generic scheduler lock implementation.
==10776== embedded gdbserver: reading from /tmp/vgdb-pipe-from-vgdb-to-10776-by-pseyfert-on-d0new
==10776== embedded gdbserver: writing to   /tmp/vgdb-pipe-to-vgdb-from-10776-by-pseyfert-on-d0new
==10776== embedded gdbserver: shared mem   /tmp/vgdb-pipe-shared-mem-vgdb-10776-by-pseyfert-on-d0new
==10776== 
==10776== TO CONTROL THIS PROCESS USING vgdb (which you probably
==10776== don't want to do, unless you know exactly what you're doing,
==10776== or are doing some strange experiment):
==10776==   /usr/lib64/valgrind/../../bin/vgdb --pid=10776 ...command...
==10776== 
==10776== TO DEBUG THIS PROCESS USING GDB: start GDB like this
==10776==   /path/to/gdb ./main
==10776== and then give GDB the following command
==10776==   target remote | /usr/lib64/valgrind/../../bin/vgdb --pid=10776
==10776== --pid is optional if only one valgrind process is running
==10776== 
--10776-- Reading syms from /usr/lib64/valgrind/vgpreload_core-amd64-linux.so
--10776-- Reading syms from /auto/sigma0/pseyfert/ROOT/ROOT6/lib/libCore.so
--10776-- Reading syms from /auto/sigma0/pseyfert/ROOT/ROOT6/lib/libRIO.so
--10776-- Reading syms from /auto/sigma0/pseyfert/ROOT/ROOT6/lib/libNet.so
--10776-- Reading syms from /auto/sigma0/pseyfert/ROOT/ROOT6/lib/libHist.so
--10776-- Reading syms from /auto/sigma0/pseyfert/ROOT/ROOT6/lib/libGraf.so
--10776-- Reading syms from /auto/sigma0/pseyfert/ROOT/ROOT6/lib/libGraf3d.so
--10776-- Reading syms from /auto/sigma0/pseyfert/ROOT/ROOT6/lib/libGpad.so
--10776-- Reading syms from /auto/sigma0/pseyfert/ROOT/ROOT6/lib/libTree.so
--10776-- Reading syms from /auto/sigma0/pseyfert/ROOT/ROOT6/lib/libRint.so
--10776-- Reading syms from /auto/sigma0/pseyfert/ROOT/ROOT6/lib/libPostscript.so
--10776-- Reading syms from /auto/sigma0/pseyfert/ROOT/ROOT6/lib/libMatrix.so
--10776-- Reading syms from /auto/sigma0/pseyfert/ROOT/ROOT6/lib/libPhysics.so
--10776-- Reading syms from /auto/sigma0/pseyfert/ROOT/ROOT6/lib/libMathCore.so
--10776-- Reading syms from /auto/sigma0/pseyfert/ROOT/ROOT6/lib/libThread.so
--10776-- Reading syms from /lib64/libdl-2.12.so
--10776-- Reading syms from /auto/lhcb/lib/lcg/releases/gcc/4.8.1/x86_64-slc6/lib64/libstdc++.so.6.0.18
--10776--    object doesn't have a symbol table
--10776-- Reading syms from /lib64/libm-2.12.so
--10776-- Reading syms from /auto/lhcb/lib/lcg/releases/gcc/4.8.1/x86_64-slc6/lib64/libgcc_s.so.1
--10776--    object doesn't have a symbol table
--10776-- Reading syms from /lib64/libpthread-2.12.so
--10776-- Reading syms from /lib64/libc-2.12.so
--10776-- Reading syms from /lib64/libz.so.1.2.3
--10776--    object doesn't have a symbol table
--10776-- Reading syms from /usr/lib64/libcrypto.so.1.0.1e
--10776--    object doesn't have a symbol table
--10776-- Reading syms from /usr/lib64/libssl.so.1.0.1e
--10776--    object doesn't have a symbol table
--10776-- Reading syms from /lib64/libgssapi_krb5.so.2.2
--10776--    object doesn't have a symbol table
--10776-- Reading syms from /lib64/libkrb5.so.3.3
--10776--    object doesn't have a symbol table
--10776-- Reading syms from /lib64/libcom_err.so.2.1
--10776--    object doesn't have a symbol table
--10776-- Reading syms from /lib64/libk5crypto.so.3.1
--10776--    object doesn't have a symbol table
--10776-- Reading syms from /lib64/libkrb5support.so.0.1
--10776--    object doesn't have a symbol table
--10776-- Reading syms from /lib64/libkeyutils.so.1.3
--10776--    object doesn't have a symbol table
--10776-- Reading syms from /lib64/libresolv-2.12.so
--10776-- Reading syms from /lib64/libselinux.so.1
--10776--    object doesn't have a symbol table
--10776-- Symbol match: found runtime_resolve: ld-2.12.so +0x14830=0x4014830
--10776-- REDIR: 0xffffffffff600000 (???) redirected to 0x38031b13 (vgPlain_amd64_linux_REDIR_FOR_vgettimeofday)
--10776-- Reading syms from /lib64/libnss_files-2.12.so
--10776-- Reading syms from /lib64/libnss_nis-2.12.so
--10776-- Reading syms from /lib64/libnsl-2.12.so
--10776-- Reading syms from /lib64/libnss_dns-2.12.so
--10776-- Reading syms from /auto/sigma0/pseyfert/ROOT/ROOT6/lib/libCling.so
--10776-- Reading syms from /lib64/libtinfo.so.5.7
--10776--    object doesn't have a symbol table
--10776-- REDIR: 0xffffffffff600400 (???) redirected to 0x38031b1d (vgPlain_amd64_linux_REDIR_FOR_vtime)
==10776== 
--10776-- Start dumping at BB 591994910 (Prg.Term.)...
--10776-- Dump to /auto/sigma0/pseyfert/ghost2015/tmva-mlp/callgrind.out
--10776-- Dumping done.
==10776== Events    : Ir
==10776== Collected : 3354456048
==10776== 
==10776== I   refs:      3,354,456,048
