==12489== Callgrind, a call-graph generating cache profiler
==12489== Copyright (C) 2002-2012, and GNU GPL'd, by Josef Weidendorfer et al.
==12489== Using Valgrind-3.8.1 and LibVEX; rerun with -h for copyright info
==12489== Command: ./main
==12489== 
--12489-- Valgrind options:
--12489--    --tool=callgrind
--12489--    -v
--12489--    --dump-instr=yes
--12489--    --trace-jump=yes
--12489--    --smc-check=all-non-file
--12489--    --callgrind-out-file=callgrind.out
--12489-- Contents of /proc/version:
--12489--   Linux version 3.5.0-23-generic (buildd@komainu) (gcc version 4.6.3 (Ubuntu/Linaro 4.6.3-1ubuntu5) ) #35~precise1-Ubuntu SMP Fri Jan 25 17:13:26 UTC 2013
--12489-- Arch and hwcaps: AMD64, amd64-sse3-cx16-lzcnt-avx-bmi
--12489-- Page sizes: currently 4096, max supported 4096
--12489-- Valgrind library directory: /usr/lib64/valgrind
==12489== For interactive control, run 'callgrind_control -h'.
--12489-- Reading syms from /auto/sigma0/pseyfert/ghost2015/tmva-mlp/main
--12489-- Reading syms from /lib64/ld-2.12.so
--12489-- Reading syms from /usr/lib64/valgrind/callgrind-amd64-linux
--12489--    object doesn't have a dynamic symbol table
--12489-- Scheduler: using generic scheduler lock implementation.
==12489== embedded gdbserver: reading from /tmp/vgdb-pipe-from-vgdb-to-12489-by-pseyfert-on-d0new
==12489== embedded gdbserver: writing to   /tmp/vgdb-pipe-to-vgdb-from-12489-by-pseyfert-on-d0new
==12489== embedded gdbserver: shared mem   /tmp/vgdb-pipe-shared-mem-vgdb-12489-by-pseyfert-on-d0new
==12489== 
==12489== TO CONTROL THIS PROCESS USING vgdb (which you probably
==12489== don't want to do, unless you know exactly what you're doing,
==12489== or are doing some strange experiment):
==12489==   /usr/lib64/valgrind/../../bin/vgdb --pid=12489 ...command...
==12489== 
==12489== TO DEBUG THIS PROCESS USING GDB: start GDB like this
==12489==   /path/to/gdb ./main
==12489== and then give GDB the following command
==12489==   target remote | /usr/lib64/valgrind/../../bin/vgdb --pid=12489
==12489== --pid is optional if only one valgrind process is running
==12489== 
--12489-- Reading syms from /usr/lib64/valgrind/vgpreload_core-amd64-linux.so
--12489-- Reading syms from /auto/sigma0/pseyfert/ROOT/ROOT6/lib/libCore.so
--12489-- Reading syms from /auto/sigma0/pseyfert/ROOT/ROOT6/lib/libRIO.so
--12489-- Reading syms from /auto/sigma0/pseyfert/ROOT/ROOT6/lib/libNet.so
--12489-- Reading syms from /auto/sigma0/pseyfert/ROOT/ROOT6/lib/libHist.so
--12489-- Reading syms from /auto/sigma0/pseyfert/ROOT/ROOT6/lib/libGraf.so
--12489-- Reading syms from /auto/sigma0/pseyfert/ROOT/ROOT6/lib/libGraf3d.so
--12489-- Reading syms from /auto/sigma0/pseyfert/ROOT/ROOT6/lib/libGpad.so
--12489-- Reading syms from /auto/sigma0/pseyfert/ROOT/ROOT6/lib/libTree.so
--12489-- Reading syms from /auto/sigma0/pseyfert/ROOT/ROOT6/lib/libRint.so
--12489-- Reading syms from /auto/sigma0/pseyfert/ROOT/ROOT6/lib/libPostscript.so
--12489-- Reading syms from /auto/sigma0/pseyfert/ROOT/ROOT6/lib/libMatrix.so
--12489-- Reading syms from /auto/sigma0/pseyfert/ROOT/ROOT6/lib/libPhysics.so
--12489-- Reading syms from /auto/sigma0/pseyfert/ROOT/ROOT6/lib/libMathCore.so
--12489-- Reading syms from /auto/sigma0/pseyfert/ROOT/ROOT6/lib/libThread.so
--12489-- Reading syms from /lib64/libdl-2.12.so
--12489-- Reading syms from /auto/lhcb/lib/lcg/releases/gcc/4.8.1/x86_64-slc6/lib64/libstdc++.so.6.0.18
--12489--    object doesn't have a symbol table
--12489-- Reading syms from /lib64/libm-2.12.so
--12489-- Reading syms from /auto/lhcb/lib/lcg/releases/gcc/4.8.1/x86_64-slc6/lib64/libgcc_s.so.1
--12489--    object doesn't have a symbol table
--12489-- Reading syms from /lib64/libpthread-2.12.so
--12489-- Reading syms from /lib64/libc-2.12.so
--12489-- Reading syms from /lib64/libz.so.1.2.3
--12489--    object doesn't have a symbol table
--12489-- Reading syms from /usr/lib64/libcrypto.so.1.0.1e
--12489--    object doesn't have a symbol table
--12489-- Reading syms from /usr/lib64/libssl.so.1.0.1e
--12489--    object doesn't have a symbol table
--12489-- Reading syms from /lib64/libgssapi_krb5.so.2.2
--12489--    object doesn't have a symbol table
--12489-- Reading syms from /lib64/libkrb5.so.3.3
--12489--    object doesn't have a symbol table
--12489-- Reading syms from /lib64/libcom_err.so.2.1
--12489--    object doesn't have a symbol table
--12489-- Reading syms from /lib64/libk5crypto.so.3.1
--12489--    object doesn't have a symbol table
--12489-- Reading syms from /lib64/libkrb5support.so.0.1
--12489--    object doesn't have a symbol table
--12489-- Reading syms from /lib64/libkeyutils.so.1.3
--12489--    object doesn't have a symbol table
--12489-- Reading syms from /lib64/libresolv-2.12.so
--12489-- Reading syms from /lib64/libselinux.so.1
--12489--    object doesn't have a symbol table
--12489-- Symbol match: found runtime_resolve: ld-2.12.so +0x14830=0x4014830
--12489-- REDIR: 0xffffffffff600000 (???) redirected to 0x38031b13 (vgPlain_amd64_linux_REDIR_FOR_vgettimeofday)
--12489-- Reading syms from /lib64/libnss_files-2.12.so
--12489-- Reading syms from /lib64/libnss_nis-2.12.so
--12489-- Reading syms from /lib64/libnsl-2.12.so
--12489-- Reading syms from /lib64/libnss_dns-2.12.so
--12489-- Reading syms from /auto/sigma0/pseyfert/ROOT/ROOT6/lib/libCling.so
--12489-- Reading syms from /lib64/libtinfo.so.5.7
--12489--    object doesn't have a symbol table
--12489-- REDIR: 0xffffffffff600400 (???) redirected to 0x38031b1d (vgPlain_amd64_linux_REDIR_FOR_vtime)
==12489== 
--12489-- Start dumping at BB 1082338091 (Prg.Term.)...
--12489-- Dump to /auto/sigma0/pseyfert/ghost2015/tmva-mlp/callgrind.out
--12489-- Dumping done.
==12489== Events    : Ir
==12489== Collected : 5558687742
==12489== 
==12489== I   refs:      5,558,687,742
