==13303== Callgrind, a call-graph generating cache profiler
==13303== Copyright (C) 2002-2012, and GNU GPL'd, by Josef Weidendorfer et al.
==13303== Using Valgrind-3.8.1 and LibVEX; rerun with -h for copyright info
==13303== Command: ./main
==13303== 
--13303-- Valgrind options:
--13303--    --tool=callgrind
--13303--    -v
--13303--    --dump-instr=yes
--13303--    --trace-jump=yes
--13303--    --smc-check=all-non-file
--13303--    --callgrind-out-file=callgrind.out
--13303-- Contents of /proc/version:
--13303--   Linux version 3.5.0-23-generic (buildd@komainu) (gcc version 4.6.3 (Ubuntu/Linaro 4.6.3-1ubuntu5) ) #35~precise1-Ubuntu SMP Fri Jan 25 17:13:26 UTC 2013
--13303-- Arch and hwcaps: AMD64, amd64-sse3-cx16-lzcnt-avx-bmi
--13303-- Page sizes: currently 4096, max supported 4096
--13303-- Valgrind library directory: /usr/lib64/valgrind
==13303== For interactive control, run 'callgrind_control -h'.
--13303-- Reading syms from /auto/sigma0/pseyfert/ghost2015/tmva-mlp/main
--13303-- Reading syms from /lib64/ld-2.12.so
--13303-- Reading syms from /usr/lib64/valgrind/callgrind-amd64-linux
--13303--    object doesn't have a dynamic symbol table
--13303-- Scheduler: using generic scheduler lock implementation.
==13303== embedded gdbserver: reading from /tmp/vgdb-pipe-from-vgdb-to-13303-by-pseyfert-on-d0new
==13303== embedded gdbserver: writing to   /tmp/vgdb-pipe-to-vgdb-from-13303-by-pseyfert-on-d0new
==13303== embedded gdbserver: shared mem   /tmp/vgdb-pipe-shared-mem-vgdb-13303-by-pseyfert-on-d0new
==13303== 
==13303== TO CONTROL THIS PROCESS USING vgdb (which you probably
==13303== don't want to do, unless you know exactly what you're doing,
==13303== or are doing some strange experiment):
==13303==   /usr/lib64/valgrind/../../bin/vgdb --pid=13303 ...command...
==13303== 
==13303== TO DEBUG THIS PROCESS USING GDB: start GDB like this
==13303==   /path/to/gdb ./main
==13303== and then give GDB the following command
==13303==   target remote | /usr/lib64/valgrind/../../bin/vgdb --pid=13303
==13303== --pid is optional if only one valgrind process is running
==13303== 
--13303-- Reading syms from /usr/lib64/valgrind/vgpreload_core-amd64-linux.so
--13303-- Reading syms from /auto/sigma0/pseyfert/ROOT/ROOT6/lib/libCore.so
--13303-- Reading syms from /auto/sigma0/pseyfert/ROOT/ROOT6/lib/libRIO.so
--13303-- Reading syms from /auto/sigma0/pseyfert/ROOT/ROOT6/lib/libNet.so
--13303-- Reading syms from /auto/sigma0/pseyfert/ROOT/ROOT6/lib/libHist.so
--13303-- Reading syms from /auto/sigma0/pseyfert/ROOT/ROOT6/lib/libGraf.so
--13303-- Reading syms from /auto/sigma0/pseyfert/ROOT/ROOT6/lib/libGraf3d.so
--13303-- Reading syms from /auto/sigma0/pseyfert/ROOT/ROOT6/lib/libGpad.so
--13303-- Reading syms from /auto/sigma0/pseyfert/ROOT/ROOT6/lib/libTree.so
--13303-- Reading syms from /auto/sigma0/pseyfert/ROOT/ROOT6/lib/libRint.so
--13303-- Reading syms from /auto/sigma0/pseyfert/ROOT/ROOT6/lib/libPostscript.so
--13303-- Reading syms from /auto/sigma0/pseyfert/ROOT/ROOT6/lib/libMatrix.so
--13303-- Reading syms from /auto/sigma0/pseyfert/ROOT/ROOT6/lib/libPhysics.so
--13303-- Reading syms from /auto/sigma0/pseyfert/ROOT/ROOT6/lib/libMathCore.so
--13303-- Reading syms from /auto/sigma0/pseyfert/ROOT/ROOT6/lib/libThread.so
--13303-- Reading syms from /lib64/libdl-2.12.so
--13303-- Reading syms from /auto/lhcb/lib/lcg/releases/gcc/4.8.1/x86_64-slc6/lib64/libstdc++.so.6.0.18
--13303--    object doesn't have a symbol table
--13303-- Reading syms from /lib64/libm-2.12.so
--13303-- Reading syms from /auto/lhcb/lib/lcg/releases/gcc/4.8.1/x86_64-slc6/lib64/libgcc_s.so.1
--13303--    object doesn't have a symbol table
--13303-- Reading syms from /lib64/libpthread-2.12.so
--13303-- Reading syms from /lib64/libc-2.12.so
--13303-- Reading syms from /lib64/libz.so.1.2.3
--13303--    object doesn't have a symbol table
--13303-- Reading syms from /usr/lib64/libcrypto.so.1.0.1e
--13303--    object doesn't have a symbol table
--13303-- Reading syms from /usr/lib64/libssl.so.1.0.1e
--13303--    object doesn't have a symbol table
--13303-- Reading syms from /lib64/libgssapi_krb5.so.2.2
--13303--    object doesn't have a symbol table
--13303-- Reading syms from /lib64/libkrb5.so.3.3
--13303--    object doesn't have a symbol table
--13303-- Reading syms from /lib64/libcom_err.so.2.1
--13303--    object doesn't have a symbol table
--13303-- Reading syms from /lib64/libk5crypto.so.3.1
--13303--    object doesn't have a symbol table
--13303-- Reading syms from /lib64/libkrb5support.so.0.1
--13303--    object doesn't have a symbol table
--13303-- Reading syms from /lib64/libkeyutils.so.1.3
--13303--    object doesn't have a symbol table
--13303-- Reading syms from /lib64/libresolv-2.12.so
--13303-- Reading syms from /lib64/libselinux.so.1
--13303--    object doesn't have a symbol table
--13303-- Symbol match: found runtime_resolve: ld-2.12.so +0x14830=0x4014830
--13303-- REDIR: 0xffffffffff600000 (???) redirected to 0x38031b13 (vgPlain_amd64_linux_REDIR_FOR_vgettimeofday)
--13303-- Reading syms from /lib64/libnss_files-2.12.so
--13303-- Reading syms from /lib64/libnss_nis-2.12.so
--13303-- Reading syms from /lib64/libnsl-2.12.so
--13303-- Reading syms from /lib64/libnss_dns-2.12.so
--13303-- Reading syms from /auto/sigma0/pseyfert/ROOT/ROOT6/lib/libCling.so
--13303-- Reading syms from /lib64/libtinfo.so.5.7
--13303--    object doesn't have a symbol table
--13303-- REDIR: 0xffffffffff600400 (???) redirected to 0x38031b1d (vgPlain_amd64_linux_REDIR_FOR_vtime)
==13303== 
--13303-- Start dumping at BB 1041583421 (Prg.Term.)...
--13303-- Dump to /auto/sigma0/pseyfert/ghost2015/tmva-mlp/callgrind.out
--13303-- Dumping done.
==13303== Events    : Ir
==13303== Collected : 5806161027
==13303== 
==13303== I   refs:      5,806,161,027
