==21257== Callgrind, a call-graph generating cache profiler
==21257== Copyright (C) 2002-2012, and GNU GPL'd, by Josef Weidendorfer et al.
==21257== Using Valgrind-3.8.1 and LibVEX; rerun with -h for copyright info
==21257== Command: ./main
==21257== 
--21257-- Valgrind options:
--21257--    --tool=callgrind
--21257--    -v
--21257--    --dump-instr=yes
--21257--    --trace-jump=yes
--21257--    --smc-check=all-non-file
--21257--    --callgrind-out-file=callgrind.out
--21257-- Contents of /proc/version:
--21257--   Linux version 3.5.0-23-generic (buildd@komainu) (gcc version 4.6.3 (Ubuntu/Linaro 4.6.3-1ubuntu5) ) #35~precise1-Ubuntu SMP Fri Jan 25 17:13:26 UTC 2013
--21257-- Arch and hwcaps: AMD64, amd64-sse3-cx16-lzcnt-avx-bmi
--21257-- Page sizes: currently 4096, max supported 4096
--21257-- Valgrind library directory: /usr/lib64/valgrind
==21257== For interactive control, run 'callgrind_control -h'.
--21257-- Reading syms from /auto/sigma0/pseyfert/ghost2015/tmva-mlp/main
--21257-- Reading syms from /lib64/ld-2.12.so
--21257-- Reading syms from /usr/lib64/valgrind/callgrind-amd64-linux
--21257--    object doesn't have a dynamic symbol table
--21257-- Scheduler: using generic scheduler lock implementation.
==21257== embedded gdbserver: reading from /tmp/vgdb-pipe-from-vgdb-to-21257-by-pseyfert-on-d0new
==21257== embedded gdbserver: writing to   /tmp/vgdb-pipe-to-vgdb-from-21257-by-pseyfert-on-d0new
==21257== embedded gdbserver: shared mem   /tmp/vgdb-pipe-shared-mem-vgdb-21257-by-pseyfert-on-d0new
==21257== 
==21257== TO CONTROL THIS PROCESS USING vgdb (which you probably
==21257== don't want to do, unless you know exactly what you're doing,
==21257== or are doing some strange experiment):
==21257==   /usr/lib64/valgrind/../../bin/vgdb --pid=21257 ...command...
==21257== 
==21257== TO DEBUG THIS PROCESS USING GDB: start GDB like this
==21257==   /path/to/gdb ./main
==21257== and then give GDB the following command
==21257==   target remote | /usr/lib64/valgrind/../../bin/vgdb --pid=21257
==21257== --pid is optional if only one valgrind process is running
==21257== 
--21257-- Reading syms from /usr/lib64/valgrind/vgpreload_core-amd64-linux.so
--21257-- Reading syms from /auto/sigma0/pseyfert/ROOT/ROOT6/lib/libCore.so
--21257-- Reading syms from /auto/sigma0/pseyfert/ROOT/ROOT6/lib/libRIO.so
--21257-- Reading syms from /auto/sigma0/pseyfert/ROOT/ROOT6/lib/libNet.so
--21257-- Reading syms from /auto/sigma0/pseyfert/ROOT/ROOT6/lib/libHist.so
--21257-- Reading syms from /auto/sigma0/pseyfert/ROOT/ROOT6/lib/libGraf.so
--21257-- Reading syms from /auto/sigma0/pseyfert/ROOT/ROOT6/lib/libGraf3d.so
--21257-- Reading syms from /auto/sigma0/pseyfert/ROOT/ROOT6/lib/libGpad.so
--21257-- Reading syms from /auto/sigma0/pseyfert/ROOT/ROOT6/lib/libTree.so
--21257-- Reading syms from /auto/sigma0/pseyfert/ROOT/ROOT6/lib/libRint.so
--21257-- Reading syms from /auto/sigma0/pseyfert/ROOT/ROOT6/lib/libPostscript.so
--21257-- Reading syms from /auto/sigma0/pseyfert/ROOT/ROOT6/lib/libMatrix.so
--21257-- Reading syms from /auto/sigma0/pseyfert/ROOT/ROOT6/lib/libPhysics.so
--21257-- Reading syms from /auto/sigma0/pseyfert/ROOT/ROOT6/lib/libMathCore.so
--21257-- Reading syms from /auto/sigma0/pseyfert/ROOT/ROOT6/lib/libThread.so
--21257-- Reading syms from /lib64/libdl-2.12.so
--21257-- Reading syms from /auto/lhcb/lib/lcg/releases/gcc/4.8.1/x86_64-slc6/lib64/libstdc++.so.6.0.18
--21257--    object doesn't have a symbol table
--21257-- Reading syms from /lib64/libm-2.12.so
--21257-- Reading syms from /auto/lhcb/lib/lcg/releases/gcc/4.8.1/x86_64-slc6/lib64/libgcc_s.so.1
--21257--    object doesn't have a symbol table
--21257-- Reading syms from /lib64/libpthread-2.12.so
--21257-- Reading syms from /lib64/libc-2.12.so
--21257-- Reading syms from /lib64/libz.so.1.2.3
--21257--    object doesn't have a symbol table
--21257-- Reading syms from /usr/lib64/libcrypto.so.1.0.1e
--21257--    object doesn't have a symbol table
--21257-- Reading syms from /usr/lib64/libssl.so.1.0.1e
--21257--    object doesn't have a symbol table
--21257-- Reading syms from /lib64/libgssapi_krb5.so.2.2
--21257--    object doesn't have a symbol table
--21257-- Reading syms from /lib64/libkrb5.so.3.3
--21257--    object doesn't have a symbol table
--21257-- Reading syms from /lib64/libcom_err.so.2.1
--21257--    object doesn't have a symbol table
--21257-- Reading syms from /lib64/libk5crypto.so.3.1
--21257--    object doesn't have a symbol table
--21257-- Reading syms from /lib64/libkrb5support.so.0.1
--21257--    object doesn't have a symbol table
--21257-- Reading syms from /lib64/libkeyutils.so.1.3
--21257--    object doesn't have a symbol table
--21257-- Reading syms from /lib64/libresolv-2.12.so
--21257-- Reading syms from /lib64/libselinux.so.1
--21257--    object doesn't have a symbol table
--21257-- Symbol match: found runtime_resolve: ld-2.12.so +0x14830=0x4014830
--21257-- REDIR: 0xffffffffff600000 (???) redirected to 0x38031b13 (vgPlain_amd64_linux_REDIR_FOR_vgettimeofday)
--21257-- Reading syms from /lib64/libnss_files-2.12.so
--21257-- Reading syms from /lib64/libnss_nis-2.12.so
--21257-- Reading syms from /lib64/libnsl-2.12.so
--21257-- Reading syms from /lib64/libnss_dns-2.12.so
--21257-- Reading syms from /auto/sigma0/pseyfert/ROOT/ROOT6/lib/libCling.so
--21257-- Reading syms from /lib64/libtinfo.so.5.7
--21257--    object doesn't have a symbol table
--21257-- REDIR: 0xffffffffff600400 (???) redirected to 0x38031b1d (vgPlain_amd64_linux_REDIR_FOR_vtime)
==21257== 
--21257-- Start dumping at BB 1084099178 (Prg.Term.)...
--21257-- Dump to /auto/sigma0/pseyfert/ghost2015/tmva-mlp/callgrind.out
--21257-- Dumping done.
==21257== Events    : Ir
==21257== Collected : 5580160399
==21257== 
==21257== I   refs:      5,580,160,399
