==15491== Callgrind, a call-graph generating cache profiler
==15491== Copyright (C) 2002-2012, and GNU GPL'd, by Josef Weidendorfer et al.
==15491== Using Valgrind-3.8.1 and LibVEX; rerun with -h for copyright info
==15491== Command: ./main
==15491== 
--15491-- Valgrind options:
--15491--    --tool=callgrind
--15491--    -v
--15491--    --dump-instr=yes
--15491--    --trace-jump=yes
--15491--    --smc-check=all-non-file
--15491--    --callgrind-out-file=callgrind.out
--15491-- Contents of /proc/version:
--15491--   Linux version 3.5.0-23-generic (buildd@komainu) (gcc version 4.6.3 (Ubuntu/Linaro 4.6.3-1ubuntu5) ) #35~precise1-Ubuntu SMP Fri Jan 25 17:13:26 UTC 2013
--15491-- Arch and hwcaps: AMD64, amd64-sse3-cx16-lzcnt-avx-bmi
--15491-- Page sizes: currently 4096, max supported 4096
--15491-- Valgrind library directory: /usr/lib64/valgrind
==15491== For interactive control, run 'callgrind_control -h'.
--15491-- Reading syms from /auto/sigma0/pseyfert/ghost2015/tmva-mlp/main
--15491-- Reading syms from /lib64/ld-2.12.so
--15491-- Reading syms from /usr/lib64/valgrind/callgrind-amd64-linux
--15491--    object doesn't have a dynamic symbol table
--15491-- Scheduler: using generic scheduler lock implementation.
==15491== embedded gdbserver: reading from /tmp/vgdb-pipe-from-vgdb-to-15491-by-pseyfert-on-d0new
==15491== embedded gdbserver: writing to   /tmp/vgdb-pipe-to-vgdb-from-15491-by-pseyfert-on-d0new
==15491== embedded gdbserver: shared mem   /tmp/vgdb-pipe-shared-mem-vgdb-15491-by-pseyfert-on-d0new
==15491== 
==15491== TO CONTROL THIS PROCESS USING vgdb (which you probably
==15491== don't want to do, unless you know exactly what you're doing,
==15491== or are doing some strange experiment):
==15491==   /usr/lib64/valgrind/../../bin/vgdb --pid=15491 ...command...
==15491== 
==15491== TO DEBUG THIS PROCESS USING GDB: start GDB like this
==15491==   /path/to/gdb ./main
==15491== and then give GDB the following command
==15491==   target remote | /usr/lib64/valgrind/../../bin/vgdb --pid=15491
==15491== --pid is optional if only one valgrind process is running
==15491== 
--15491-- Reading syms from /usr/lib64/valgrind/vgpreload_core-amd64-linux.so
--15491-- Reading syms from /auto/sigma0/pseyfert/ROOT/ROOT6/lib/libCore.so
--15491-- Reading syms from /auto/sigma0/pseyfert/ROOT/ROOT6/lib/libRIO.so
--15491-- Reading syms from /auto/sigma0/pseyfert/ROOT/ROOT6/lib/libNet.so
--15491-- Reading syms from /auto/sigma0/pseyfert/ROOT/ROOT6/lib/libHist.so
--15491-- Reading syms from /auto/sigma0/pseyfert/ROOT/ROOT6/lib/libGraf.so
--15491-- Reading syms from /auto/sigma0/pseyfert/ROOT/ROOT6/lib/libGraf3d.so
--15491-- Reading syms from /auto/sigma0/pseyfert/ROOT/ROOT6/lib/libGpad.so
--15491-- Reading syms from /auto/sigma0/pseyfert/ROOT/ROOT6/lib/libTree.so
--15491-- Reading syms from /auto/sigma0/pseyfert/ROOT/ROOT6/lib/libRint.so
--15491-- Reading syms from /auto/sigma0/pseyfert/ROOT/ROOT6/lib/libPostscript.so
--15491-- Reading syms from /auto/sigma0/pseyfert/ROOT/ROOT6/lib/libMatrix.so
--15491-- Reading syms from /auto/sigma0/pseyfert/ROOT/ROOT6/lib/libPhysics.so
--15491-- Reading syms from /auto/sigma0/pseyfert/ROOT/ROOT6/lib/libMathCore.so
--15491-- Reading syms from /auto/sigma0/pseyfert/ROOT/ROOT6/lib/libThread.so
--15491-- Reading syms from /lib64/libdl-2.12.so
--15491-- Reading syms from /auto/lhcb/lib/lcg/releases/gcc/4.8.1/x86_64-slc6/lib64/libstdc++.so.6.0.18
--15491--    object doesn't have a symbol table
--15491-- Reading syms from /lib64/libm-2.12.so
--15491-- Reading syms from /auto/lhcb/lib/lcg/releases/gcc/4.8.1/x86_64-slc6/lib64/libgcc_s.so.1
--15491--    object doesn't have a symbol table
--15491-- Reading syms from /lib64/libpthread-2.12.so
--15491-- Reading syms from /lib64/libc-2.12.so
--15491-- Reading syms from /lib64/libz.so.1.2.3
--15491--    object doesn't have a symbol table
--15491-- Reading syms from /usr/lib64/libcrypto.so.1.0.1e
--15491--    object doesn't have a symbol table
--15491-- Reading syms from /usr/lib64/libssl.so.1.0.1e
--15491--    object doesn't have a symbol table
--15491-- Reading syms from /lib64/libgssapi_krb5.so.2.2
--15491--    object doesn't have a symbol table
--15491-- Reading syms from /lib64/libkrb5.so.3.3
--15491--    object doesn't have a symbol table
--15491-- Reading syms from /lib64/libcom_err.so.2.1
--15491--    object doesn't have a symbol table
--15491-- Reading syms from /lib64/libk5crypto.so.3.1
--15491--    object doesn't have a symbol table
--15491-- Reading syms from /lib64/libkrb5support.so.0.1
--15491--    object doesn't have a symbol table
--15491-- Reading syms from /lib64/libkeyutils.so.1.3
--15491--    object doesn't have a symbol table
--15491-- Reading syms from /lib64/libresolv-2.12.so
--15491-- Reading syms from /lib64/libselinux.so.1
--15491--    object doesn't have a symbol table
--15491-- Symbol match: found runtime_resolve: ld-2.12.so +0x14830=0x4014830
--15491-- REDIR: 0xffffffffff600000 (???) redirected to 0x38031b13 (vgPlain_amd64_linux_REDIR_FOR_vgettimeofday)
--15491-- Reading syms from /lib64/libnss_files-2.12.so
--15491-- Reading syms from /lib64/libnss_nis-2.12.so
--15491-- Reading syms from /lib64/libnsl-2.12.so
--15491-- Reading syms from /lib64/libnss_dns-2.12.so
--15491-- Reading syms from /auto/sigma0/pseyfert/ROOT/ROOT6/lib/libCling.so
--15491-- Reading syms from /lib64/libtinfo.so.5.7
--15491--    object doesn't have a symbol table
--15491-- REDIR: 0xffffffffff600400 (???) redirected to 0x38031b1d (vgPlain_amd64_linux_REDIR_FOR_vtime)
==15491== 
--15491-- Start dumping at BB 593273555 (Prg.Term.)...
--15491-- Dump to /auto/sigma0/pseyfert/ghost2015/tmva-mlp/callgrind.out
--15491-- Dumping done.
==15491== Events    : Ir
==15491== Collected : 3372319906
==15491== 
==15491== I   refs:      3,372,319,906
